<?xml version="1.0" encoding="UTF-8"?>
<!-- Generated by org.testng.reporters.JUnitReportReporter -->
<testsuite skipped="0" hostname="DESKTOP-V0Q5OAO" name="automationpractise.automationpractise.AutomationJob" tests="1" failures="0" timestamp="02 Mar 2021 08:31:29 GMT" time="11.275" errors="0">
  <testcase name="testMethod" time="11.275" classname="automationpractise.automationpractise.AutomationJob"/>
</testsuite> <!-- automationpractise.automationpractise.AutomationJob -->
