<?xml version="1.0" encoding="UTF-8"?>
<!-- Generated by org.testng.reporters.JUnitReportReporter -->
<testsuite skipped="0" hostname="DESKTOP-V0Q5OAO" name="automationpractise.automationpractise.AutomationJob" tests="1" failures="0" timestamp="22 Feb 2021 11:14:15 GMT" time="4.475" errors="0">
  <testcase name="testMethod" time="4.475" classname="automationpractise.automationpractise.AutomationJob"/>
</testsuite> <!-- automationpractise.automationpractise.AutomationJob -->
