<?xml version="1.0" encoding="UTF-8"?>
<!-- Generated by org.testng.reporters.JUnitReportReporter -->
<testsuite skipped="0" hostname="DESKTOP-V0Q5OAO" name="automationpractise.automationpractise.AutomationJob" tests="1" failures="0" timestamp="24 Feb 2021 09:39:33 GMT" time="8.277" errors="0">
  <testcase name="testMethod" time="8.277" classname="automationpractise.automationpractise.AutomationJob"/>
</testsuite> <!-- automationpractise.automationpractise.AutomationJob -->
